<?xml version="1.0" encoding="UTF-8"?>
<!-- Generated by org.testng.reporters.JUnitReportReporter -->
<testsuite hostname="XAV-101000885" name="POC_BDD.POC_BDD_art.Trigger" tests="1" failures="0" timestamp="5 Feb 2018 15:25:31 GMT" time="5.479" errors="0">
  <testcase name="feature" time="5.479" classname="POC_BDD.POC_BDD_art.Trigger"/>
</testsuite> <!-- POC_BDD.POC_BDD_art.Trigger -->
